{"/Users/frank/Desktop/ah-frontend-space/src/index.js": {"path":"/Users/frank/Desktop/ah-frontend-space/src/index.js","statementMap":{"0":{"start":{"line":5,"column":0},"end":{"line":5,"column":49}}},"fnMap":{},"branchMap":{},"s":{"0":0},"f":{},"b":{},"hash":"23bedd07a8b51e8439fb99d351bb64b78898362a"}
,"/Users/frank/Desktop/ah-frontend-space/src/components/App.js": {"path":"/Users/frank/Desktop/ah-frontend-space/src/components/App.js","statementMap":{"0":{"start":{"line":5,"column":4},"end":{"line":9,"column":6}}},"fnMap":{"0":{"name":"(anonymous_0)","decl":{"start":{"line":4,"column":2},"end":{"line":4,"column":3}},"loc":{"start":{"line":4,"column":11},"end":{"line":10,"column":3}},"line":4}},"branchMap":{},"s":{"0":1},"f":{"0":1},"b":{},"_coverageSchema":"43e27e138ebf9cfc5966b082cf9a028302ed4184","hash":"a55248904011366f393ce3d8b7f64feefe96bed4"}
}
